2025-11-19T13:52:49.163+03:00  INFO 17440 --- [demo] [main] com.example.demo.DemoApplication         : Starting DemoApplication using Java 21.0.3 with PID 17440 (C:\Users\user\Desktop\ПРАКТИКА\ДЛЯ ГИТА\JSON Validator Web git\Spring-Project-JSON-Validator\target\classes started by user in C:\Users\user\Desktop\ПРАКТИКА\ДЛЯ ГИТА\JSON Validator Web git)
2025-11-19T13:52:49.169+03:00  INFO 17440 --- [demo] [main] com.example.demo.DemoApplication         : No active profile set, falling back to 1 default profile: "default"
2025-11-19T13:52:50.413+03:00  INFO 17440 --- [demo] [main] .s.d.r.c.RepositoryConfigurationDelegate : Bootstrapping Spring Data JPA repositories in DEFAULT mode.
2025-11-19T13:52:50.532+03:00  INFO 17440 --- [demo] [main] .s.d.r.c.RepositoryConfigurationDelegate : Finished Spring Data repository scanning in 93 ms. Found 1 JPA repository interface.
2025-11-19T13:52:52.188+03:00  INFO 17440 --- [demo] [main] o.s.b.w.embedded.tomcat.TomcatWebServer  : Tomcat initialized with port 8080 (http)
2025-11-19T13:52:52.230+03:00  INFO 17440 --- [demo] [main] o.apache.catalina.core.StandardService   : Starting service [Tomcat]
2025-11-19T13:52:52.232+03:00  INFO 17440 --- [demo] [main] o.apache.catalina.core.StandardEngine    : Starting Servlet engine: [Apache Tomcat/10.1.46]
2025-11-19T13:52:52.352+03:00  INFO 17440 --- [demo] [main] o.a.c.c.C.[Tomcat].[localhost].[/]       : Initializing Spring embedded WebApplicationContext
2025-11-19T13:52:52.353+03:00  INFO 17440 --- [demo] [main] w.s.c.ServletWebServerApplicationContext : Root WebApplicationContext: initialization completed in 3049 ms
2025-11-19T13:52:53.101+03:00  INFO 17440 --- [demo] [main] o.hibernate.jpa.internal.util.LogHelper  : HHH000204: Processing PersistenceUnitInfo [name: default]
2025-11-19T13:52:53.245+03:00  INFO 17440 --- [demo] [main] org.hibernate.Version                    : HHH000412: Hibernate ORM core version 6.6.29.Final
2025-11-19T13:52:53.348+03:00  INFO 17440 --- [demo] [main] o.h.c.internal.RegionFactoryInitiator    : HHH000026: Second-level cache disabled
2025-11-19T13:52:54.066+03:00  INFO 17440 --- [demo] [main] o.s.o.j.p.SpringPersistenceUnitInfo      : No LoadTimeWeaver setup: ignoring JPA class transformer
2025-11-19T13:52:54.140+03:00  INFO 17440 --- [demo] [main] com.zaxxer.hikari.HikariDataSource       : HikariPool-1 - Starting...
2025-11-19T13:52:54.825+03:00  INFO 17440 --- [demo] [main] com.zaxxer.hikari.pool.HikariPool        : HikariPool-1 - Added connection oracle.jdbc.driver.T4CConnection@4ad896f7
2025-11-19T13:52:54.830+03:00  INFO 17440 --- [demo] [main] com.zaxxer.hikari.HikariDataSource       : HikariPool-1 - Start completed.
2025-11-19T13:52:55.182+03:00  WARN 17440 --- [demo] [main] org.hibernate.dialect.Dialect            : HHH000511: The 18.0.0 version for [org.hibernate.dialect.OracleDialect] is no longer supported, hence certain features may not work properly. The minimum supported version is 19.0.0. Check the community dialects project for available legacy versions.
2025-11-19T13:52:55.193+03:00  WARN 17440 --- [demo] [main] org.hibernate.orm.deprecation            : HHH90000025: OracleDialect does not need to be specified explicitly using 'hibernate.dialect' (remove the property setting and it will be selected by default)
2025-11-19T13:52:55.316+03:00  INFO 17440 --- [demo] [main] org.hibernate.orm.connections.pooling    : HHH10001005: Database info:
	Database JDBC URL [Connecting through datasource 'HikariDataSource (HikariPool-1)']
	Database driver: undefined/unknown
	Database version: 18.0
	Autocommit mode: undefined/unknown
	Isolation level: undefined/unknown
	Minimum pool size: undefined/unknown
	Maximum pool size: undefined/unknown
2025-11-19T13:52:56.884+03:00  INFO 17440 --- [demo] [main] o.h.e.t.j.p.i.JtaPlatformInitiator       : HHH000489: No JTA platform available (set 'hibernate.transaction.jta.platform' to enable JTA platform integration)
2025-11-19T13:53:48.109+03:00  INFO 17440 --- [demo] [main] j.LocalContainerEntityManagerFactoryBean : Initialized JPA EntityManagerFactory for persistence unit 'default'
2025-11-19T13:53:48.800+03:00  INFO 17440 --- [demo] [main] o.s.d.j.r.query.QueryEnhancerFactory     : Hibernate is in classpath; If applicable, HQL parser will be used.
2025-11-19T13:53:50.488+03:00  INFO 17440 --- [demo] [main] c.e.demo.service.JsonValidationService   : Database repository available - loading schemas from database
2025-11-19T13:53:50.496+03:00  INFO 17440 --- [demo] [main] c.e.demo.service.JsonValidationService   : Loading schemas from Oracle database...
2025-11-19T13:53:50.830+03:00  INFO 17440 --- [demo] [main] c.e.demo.service.JsonValidationService   : Loaded 2 schemas from database. Next ID: 3
2025-11-19T13:53:52.033+03:00  INFO 17440 --- [demo] [main] o.s.b.w.embedded.tomcat.TomcatWebServer  : Tomcat started on port 8080 (http) with context path '/'
2025-11-19T13:53:52.062+03:00  INFO 17440 --- [demo] [main] com.example.demo.DemoApplication         : Started DemoApplication in 64.053 seconds (process running for 64.928)
2025-11-19T13:54:10.984+03:00  INFO 17440 --- [demo] [http-nio-8080-exec-1] o.a.c.c.C.[Tomcat].[localhost].[/]       : Initializing Spring DispatcherServlet 'dispatcherServlet'
2025-11-19T13:54:10.985+03:00  INFO 17440 --- [demo] [http-nio-8080-exec-1] o.s.web.servlet.DispatcherServlet        : Initializing Servlet 'dispatcherServlet'
2025-11-19T13:54:10.989+03:00  INFO 17440 --- [demo] [http-nio-8080-exec-1] o.s.web.servlet.DispatcherServlet        : Completed initialization in 2 ms
2025-11-19T13:54:11.145+03:00  INFO 17440 --- [demo] [http-nio-8080-exec-1] c.e.demo.service.JsonValidationService   : Retrieving all schemas, total count: 2
2025-11-19T14:42:01.529+03:00  INFO 13548 --- [demo] [main] com.example.demo.DemoApplication         : Starting DemoApplication using Java 21.0.3 with PID 13548 (C:\Users\user\Desktop\ПРАКТИКА\ДЛЯ ГИТА\JSON Validator Web git\Spring-Project-JSON-Validator\target\classes started by user in C:\Users\user\Desktop\ПРАКТИКА\ДЛЯ ГИТА\JSON Validator Web git)
2025-11-19T14:42:01.533+03:00  INFO 13548 --- [demo] [main] com.example.demo.DemoApplication         : No active profile set, falling back to 1 default profile: "default"
2025-11-19T14:42:02.569+03:00  INFO 13548 --- [demo] [main] .s.d.r.c.RepositoryConfigurationDelegate : Bootstrapping Spring Data JPA repositories in DEFAULT mode.
2025-11-19T14:42:02.688+03:00  INFO 13548 --- [demo] [main] .s.d.r.c.RepositoryConfigurationDelegate : Finished Spring Data repository scanning in 95 ms. Found 1 JPA repository interface.
2025-11-19T14:42:04.106+03:00  INFO 13548 --- [demo] [main] o.s.b.w.embedded.tomcat.TomcatWebServer  : Tomcat initialized with port 8080 (http)
2025-11-19T14:42:04.137+03:00  INFO 13548 --- [demo] [main] o.apache.catalina.core.StandardService   : Starting service [Tomcat]
2025-11-19T14:42:04.138+03:00  INFO 13548 --- [demo] [main] o.apache.catalina.core.StandardEngine    : Starting Servlet engine: [Apache Tomcat/10.1.46]
2025-11-19T14:42:04.255+03:00  INFO 13548 --- [demo] [main] o.a.c.c.C.[Tomcat].[localhost].[/]       : Initializing Spring embedded WebApplicationContext
2025-11-19T14:42:04.257+03:00  INFO 13548 --- [demo] [main] w.s.c.ServletWebServerApplicationContext : Root WebApplicationContext: initialization completed in 2642 ms
2025-11-19T14:42:04.791+03:00  INFO 13548 --- [demo] [main] o.hibernate.jpa.internal.util.LogHelper  : HHH000204: Processing PersistenceUnitInfo [name: default]
2025-11-19T14:42:04.907+03:00  INFO 13548 --- [demo] [main] org.hibernate.Version                    : HHH000412: Hibernate ORM core version 6.6.29.Final
2025-11-19T14:42:04.966+03:00  INFO 13548 --- [demo] [main] o.h.c.internal.RegionFactoryInitiator    : HHH000026: Second-level cache disabled
2025-11-19T14:42:05.563+03:00  INFO 13548 --- [demo] [main] o.s.o.j.p.SpringPersistenceUnitInfo      : No LoadTimeWeaver setup: ignoring JPA class transformer
2025-11-19T14:42:05.612+03:00  INFO 13548 --- [demo] [main] com.zaxxer.hikari.HikariDataSource       : HikariPool-1 - Starting...
2025-11-19T14:42:06.173+03:00  INFO 13548 --- [demo] [main] com.zaxxer.hikari.pool.HikariPool        : HikariPool-1 - Added connection oracle.jdbc.driver.T4CConnection@709d86a2
2025-11-19T14:42:06.178+03:00  INFO 13548 --- [demo] [main] com.zaxxer.hikari.HikariDataSource       : HikariPool-1 - Start completed.
2025-11-19T14:42:06.501+03:00  WARN 13548 --- [demo] [main] org.hibernate.dialect.Dialect            : HHH000511: The 18.0.0 version for [org.hibernate.dialect.OracleDialect] is no longer supported, hence certain features may not work properly. The minimum supported version is 19.0.0. Check the community dialects project for available legacy versions.
2025-11-19T14:42:06.512+03:00  WARN 13548 --- [demo] [main] org.hibernate.orm.deprecation            : HHH90000025: OracleDialect does not need to be specified explicitly using 'hibernate.dialect' (remove the property setting and it will be selected by default)
2025-11-19T14:42:06.608+03:00  INFO 13548 --- [demo] [main] org.hibernate.orm.connections.pooling    : HHH10001005: Database info:
	Database JDBC URL [Connecting through datasource 'HikariDataSource (HikariPool-1)']
	Database driver: undefined/unknown
	Database version: 18.0
	Autocommit mode: undefined/unknown
	Isolation level: undefined/unknown
	Minimum pool size: undefined/unknown
	Maximum pool size: undefined/unknown
2025-11-19T14:42:07.630+03:00  INFO 13548 --- [demo] [main] o.h.e.t.j.p.i.JtaPlatformInitiator       : HHH000489: No JTA platform available (set 'hibernate.transaction.jta.platform' to enable JTA platform integration)
2025-11-19T14:42:32.067+03:00  INFO 13548 --- [demo] [main] j.LocalContainerEntityManagerFactoryBean : Initialized JPA EntityManagerFactory for persistence unit 'default'
2025-11-19T14:42:32.576+03:00  INFO 13548 --- [demo] [main] o.s.d.j.r.query.QueryEnhancerFactory     : Hibernate is in classpath; If applicable, HQL parser will be used.
2025-11-19T14:42:33.563+03:00  INFO 13548 --- [demo] [main] c.e.demo.service.JsonValidationService   : Database repository available - loading schemas from database
2025-11-19T14:42:33.563+03:00  INFO 13548 --- [demo] [main] c.e.demo.service.JsonValidationService   : Loading schemas from Oracle database...
2025-11-19T14:42:33.783+03:00  INFO 13548 --- [demo] [main] c.e.demo.service.JsonValidationService   : Loaded 2 schemas from database. Next ID: 3
2025-11-19T14:42:34.585+03:00  INFO 13548 --- [demo] [main] o.s.b.w.embedded.tomcat.TomcatWebServer  : Tomcat started on port 8080 (http) with context path '/'
2025-11-19T14:42:34.604+03:00  INFO 13548 --- [demo] [main] com.example.demo.DemoApplication         : Started DemoApplication in 33.874 seconds (process running for 34.582)
2025-11-19T14:42:44.754+03:00  INFO 13548 --- [demo] [http-nio-8080-exec-1] o.a.c.c.C.[Tomcat].[localhost].[/]       : Initializing Spring DispatcherServlet 'dispatcherServlet'
2025-11-19T14:42:44.755+03:00  INFO 13548 --- [demo] [http-nio-8080-exec-1] o.s.web.servlet.DispatcherServlet        : Initializing Servlet 'dispatcherServlet'
2025-11-19T14:42:44.756+03:00  INFO 13548 --- [demo] [http-nio-8080-exec-1] o.s.web.servlet.DispatcherServlet        : Completed initialization in 1 ms
2025-11-19T14:42:44.848+03:00  INFO 13548 --- [demo] [http-nio-8080-exec-1] c.e.demo.service.JsonValidationService   : Retrieving all schemas, total count: 2
2025-11-19T14:44:07.115+03:00  INFO 13548 --- [demo] [http-nio-8080-exec-5] c.e.demo.service.JsonValidationService   : Retrieving schema with ID: 1
2025-11-19T14:44:07.126+03:00  INFO 13548 --- [demo] [http-nio-8080-exec-5] c.e.demo.service.JsonValidationService   : Updating schema with ID: 1
2025-11-19T14:44:07.190+03:00  INFO 13548 --- [demo] [http-nio-8080-exec-5] c.e.demo.service.JsonValidationService   : Schema with ID 1 updated successfully
2025-11-19T14:44:13.360+03:00  INFO 13548 --- [demo] [http-nio-8080-exec-6] c.e.demo.service.JsonValidationService   : Retrieving all schemas, total count: 2
2025-11-19T14:47:44.135+03:00  INFO 20340 --- [demo] [main] com.example.demo.DemoApplication         : Starting DemoApplication using Java 21.0.3 with PID 20340 (C:\Users\user\Desktop\ПРАКТИКА\ДЛЯ ГИТА\JSON Validator Web git\Spring-Project-JSON-Validator\target\classes started by user in C:\Users\user\Desktop\ПРАКТИКА\ДЛЯ ГИТА\JSON Validator Web git)
2025-11-19T14:47:44.140+03:00  INFO 20340 --- [demo] [main] com.example.demo.DemoApplication         : No active profile set, falling back to 1 default profile: "default"
2025-11-19T14:47:45.052+03:00  INFO 20340 --- [demo] [main] .s.d.r.c.RepositoryConfigurationDelegate : Bootstrapping Spring Data JPA repositories in DEFAULT mode.
2025-11-19T14:47:45.160+03:00  INFO 20340 --- [demo] [main] .s.d.r.c.RepositoryConfigurationDelegate : Finished Spring Data repository scanning in 81 ms. Found 1 JPA repository interface.
2025-11-19T14:47:46.766+03:00  INFO 20340 --- [demo] [main] o.s.b.w.embedded.tomcat.TomcatWebServer  : Tomcat initialized with port 8080 (http)
2025-11-19T14:47:46.808+03:00  INFO 20340 --- [demo] [main] o.apache.catalina.core.StandardService   : Starting service [Tomcat]
2025-11-19T14:47:46.808+03:00  INFO 20340 --- [demo] [main] o.apache.catalina.core.StandardEngine    : Starting Servlet engine: [Apache Tomcat/10.1.46]
2025-11-19T14:47:46.921+03:00  INFO 20340 --- [demo] [main] o.a.c.c.C.[Tomcat].[localhost].[/]       : Initializing Spring embedded WebApplicationContext
2025-11-19T14:47:46.923+03:00  INFO 20340 --- [demo] [main] w.s.c.ServletWebServerApplicationContext : Root WebApplicationContext: initialization completed in 2698 ms
2025-11-19T14:47:47.498+03:00  INFO 20340 --- [demo] [main] o.hibernate.jpa.internal.util.LogHelper  : HHH000204: Processing PersistenceUnitInfo [name: default]
2025-11-19T14:47:47.628+03:00  INFO 20340 --- [demo] [main] org.hibernate.Version                    : HHH000412: Hibernate ORM core version 6.6.29.Final
2025-11-19T14:47:47.702+03:00  INFO 20340 --- [demo] [main] o.h.c.internal.RegionFactoryInitiator    : HHH000026: Second-level cache disabled
2025-11-19T14:47:48.331+03:00  INFO 20340 --- [demo] [main] o.s.o.j.p.SpringPersistenceUnitInfo      : No LoadTimeWeaver setup: ignoring JPA class transformer
2025-11-19T14:47:48.383+03:00  INFO 20340 --- [demo] [main] com.zaxxer.hikari.HikariDataSource       : HikariPool-1 - Starting...
2025-11-19T14:47:48.946+03:00  INFO 20340 --- [demo] [main] com.zaxxer.hikari.pool.HikariPool        : HikariPool-1 - Added connection oracle.jdbc.driver.T4CConnection@5ad57e90
2025-11-19T14:47:48.950+03:00  INFO 20340 --- [demo] [main] com.zaxxer.hikari.HikariDataSource       : HikariPool-1 - Start completed.
2025-11-19T14:47:49.262+03:00  WARN 20340 --- [demo] [main] org.hibernate.dialect.Dialect            : HHH000511: The 18.0.0 version for [org.hibernate.dialect.OracleDialect] is no longer supported, hence certain features may not work properly. The minimum supported version is 19.0.0. Check the community dialects project for available legacy versions.
2025-11-19T14:47:49.282+03:00  WARN 20340 --- [demo] [main] org.hibernate.orm.deprecation            : HHH90000025: OracleDialect does not need to be specified explicitly using 'hibernate.dialect' (remove the property setting and it will be selected by default)
2025-11-19T14:47:49.373+03:00  INFO 20340 --- [demo] [main] org.hibernate.orm.connections.pooling    : HHH10001005: Database info:
	Database JDBC URL [Connecting through datasource 'HikariDataSource (HikariPool-1)']
	Database driver: undefined/unknown
	Database version: 18.0
	Autocommit mode: undefined/unknown
	Isolation level: undefined/unknown
	Minimum pool size: undefined/unknown
	Maximum pool size: undefined/unknown
2025-11-19T14:47:50.468+03:00  INFO 20340 --- [demo] [main] o.h.e.t.j.p.i.JtaPlatformInitiator       : HHH000489: No JTA platform available (set 'hibernate.transaction.jta.platform' to enable JTA platform integration)
2025-11-19T14:48:15.327+03:00  INFO 20340 --- [demo] [main] j.LocalContainerEntityManagerFactoryBean : Initialized JPA EntityManagerFactory for persistence unit 'default'
2025-11-19T14:48:15.812+03:00  INFO 20340 --- [demo] [main] o.s.d.j.r.query.QueryEnhancerFactory     : Hibernate is in classpath; If applicable, HQL parser will be used.
2025-11-19T14:48:16.656+03:00  INFO 20340 --- [demo] [main] c.e.demo.service.JsonValidationService   : Database repository available - loading schemas from database
2025-11-19T14:48:16.657+03:00  INFO 20340 --- [demo] [main] c.e.demo.service.JsonValidationService   : Loading schemas from Oracle database...
2025-11-19T14:48:16.866+03:00  INFO 20340 --- [demo] [main] c.e.demo.service.JsonValidationService   : Loaded 2 schemas from database. Next ID: 3
2025-11-19T14:48:17.650+03:00  INFO 20340 --- [demo] [main] o.s.b.w.embedded.tomcat.TomcatWebServer  : Tomcat started on port 8080 (http) with context path '/'
2025-11-19T14:48:17.670+03:00  INFO 20340 --- [demo] [main] com.example.demo.DemoApplication         : Started DemoApplication in 34.32 seconds (process running for 34.948)
2025-11-19T14:48:46.978+03:00  INFO 20340 --- [demo] [http-nio-8080-exec-2] o.a.c.c.C.[Tomcat].[localhost].[/]       : Initializing Spring DispatcherServlet 'dispatcherServlet'
2025-11-19T14:48:46.979+03:00  INFO 20340 --- [demo] [http-nio-8080-exec-2] o.s.web.servlet.DispatcherServlet        : Initializing Servlet 'dispatcherServlet'
2025-11-19T14:48:46.982+03:00  INFO 20340 --- [demo] [http-nio-8080-exec-2] o.s.web.servlet.DispatcherServlet        : Completed initialization in 1 ms
2025-11-19T14:48:47.095+03:00  INFO 20340 --- [demo] [http-nio-8080-exec-2] c.e.demo.service.JsonValidationService   : Retrieving all schemas, total count: 2
2025-11-19T14:48:54.500+03:00  INFO 20340 --- [demo] [http-nio-8080-exec-3] c.e.demo.service.JsonValidationService   : Retrieving all schemas, total count: 2
2025-11-19T14:49:28.056+03:00  INFO 20340 --- [demo] [http-nio-8080-exec-4] c.e.demo.service.JsonValidationService   : Retrieving schema with ID: 1
2025-11-19T14:49:28.067+03:00  INFO 20340 --- [demo] [http-nio-8080-exec-4] c.e.demo.service.JsonValidationService   : Updating schema with ID: 1
2025-11-19T14:49:28.131+03:00  INFO 20340 --- [demo] [http-nio-8080-exec-4] c.e.demo.service.JsonValidationService   : Schema with ID 1 updated successfully
2025-11-19T14:49:46.347+03:00  INFO 20340 --- [demo] [http-nio-8080-exec-7] c.e.demo.service.JsonValidationService   : Retrieving schema with ID: 1
2025-11-19T14:49:46.349+03:00  INFO 20340 --- [demo] [http-nio-8080-exec-7] c.e.demo.service.JsonValidationService   : Updating schema with ID: 1
2025-11-19T14:49:46.354+03:00  INFO 20340 --- [demo] [http-nio-8080-exec-7] c.e.demo.service.JsonValidationService   : Schema with ID 1 updated successfully
2025-11-19T14:50:09.280+03:00  INFO 20340 --- [demo] [http-nio-8080-exec-6] c.e.demo.service.JsonValidationService   : Retrieving schema with ID: 1
2025-11-19T14:50:09.282+03:00  INFO 20340 --- [demo] [http-nio-8080-exec-6] c.e.demo.service.JsonValidationService   : Updating schema with ID: 1
2025-11-19T14:50:09.287+03:00  INFO 20340 --- [demo] [http-nio-8080-exec-6] c.e.demo.service.JsonValidationService   : Schema with ID 1 updated successfully
2025-11-19T14:50:33.733+03:00  INFO 20340 --- [demo] [http-nio-8080-exec-5] c.e.demo.service.JsonValidationService   : Retrieving schema with ID: 12
2025-11-19T14:50:33.738+03:00  WARN 20340 --- [demo] [http-nio-8080-exec-5] c.e.demo.service.JsonValidationService   : Schema with ID 12 not found
2025-11-19T14:55:39.103+03:00  INFO 20340 --- [demo] [http-nio-8080-exec-10] c.e.demo.service.JsonValidationService   : Starting JSON validation with provided schema
2025-11-19T14:55:39.218+03:00  INFO 20340 --- [demo] [http-nio-8080-exec-10] c.e.demo.service.JsonValidationService   : JSON validation completed - VALID
2025-11-19T14:56:04.621+03:00  INFO 20340 --- [demo] [http-nio-8080-exec-1] c.e.demo.service.JsonValidationService   : Starting JSON validation with provided schema
2025-11-19T14:56:04.625+03:00  WARN 20340 --- [demo] [http-nio-8080-exec-1] c.e.demo.service.JsonValidationService   : JSON validation failed with 1 errors
2025-11-19T14:56:04.629+03:00  INFO 20340 --- [demo] [http-nio-8080-exec-1] c.e.demo.service.JsonValidationService   : JSON validation completed - INVALID
2025-11-19T14:56:25.409+03:00  INFO 20340 --- [demo] [http-nio-8080-exec-2] c.e.demo.service.JsonValidationService   : Starting JSON validation with schema ID: 3
2025-11-19T14:56:25.423+03:00  WARN 20340 --- [demo] [http-nio-8080-exec-2] c.e.demo.service.JsonValidationService   : Schema with ID 3 not found in cache, checking database...
2025-11-19T14:56:25.433+03:00  WARN 20340 --- [demo] [http-nio-8080-exec-2] c.e.demo.service.JsonValidationService   : Schema with ID 3 not found
2025-11-19T14:58:31.405+03:00  INFO 20340 --- [demo] [http-nio-8080-exec-7] c.e.demo.service.JsonValidationService   : Starting JSON validation with schema ID: 1
2025-11-19T14:58:31.412+03:00  WARN 20340 --- [demo] [http-nio-8080-exec-7] c.e.demo.service.JsonValidationService   : JSON validation against schema ID 1 failed with 1 errors
2025-11-19T14:58:31.414+03:00  INFO 20340 --- [demo] [http-nio-8080-exec-7] c.e.demo.service.JsonValidationService   : JSON validation completed - INVALID
2025-11-19T14:58:48.750+03:00  INFO 20340 --- [demo] [http-nio-8080-exec-6] c.e.demo.service.JsonValidationService   : Starting JSON validation with schema ID: 1
2025-11-19T14:58:48.751+03:00  WARN 20340 --- [demo] [http-nio-8080-exec-6] c.e.demo.service.JsonValidationService   : JSON validation against schema ID 1 failed with 1 errors
2025-11-19T14:58:48.751+03:00  INFO 20340 --- [demo] [http-nio-8080-exec-6] c.e.demo.service.JsonValidationService   : JSON validation completed - INVALID
2025-11-19T14:59:08.177+03:00  INFO 20340 --- [demo] [http-nio-8080-exec-8] c.e.demo.service.JsonValidationService   : Starting JSON validation with schema ID: 1
2025-11-19T14:59:08.178+03:00  WARN 20340 --- [demo] [http-nio-8080-exec-8] c.e.demo.service.JsonValidationService   : JSON validation against schema ID 1 failed with 1 errors
2025-11-19T14:59:08.178+03:00  INFO 20340 --- [demo] [http-nio-8080-exec-8] c.e.demo.service.JsonValidationService   : JSON validation completed - INVALID
2025-11-19T14:59:17.829+03:00  INFO 20340 --- [demo] [http-nio-8080-exec-9] c.e.demo.service.JsonValidationService   : Starting JSON validation with schema ID: 1
2025-11-19T14:59:17.830+03:00  INFO 20340 --- [demo] [http-nio-8080-exec-9] c.e.demo.service.JsonValidationService   : JSON validation against schema ID 1 completed - VALID
2025-11-19T15:01:29.889+03:00  INFO 18300 --- [demo] [main] com.example.demo.DemoApplication         : Starting DemoApplication using Java 21.0.3 with PID 18300 (C:\Users\user\Desktop\ПРАКТИКА\ДЛЯ ГИТА\JSON Validator Web git\Spring-Project-JSON-Validator\target\classes started by user in C:\Users\user\Desktop\ПРАКТИКА\ДЛЯ ГИТА\JSON Validator Web git)
2025-11-19T15:01:29.896+03:00  INFO 18300 --- [demo] [main] com.example.demo.DemoApplication         : No active profile set, falling back to 1 default profile: "default"
2025-11-19T15:01:30.893+03:00  INFO 18300 --- [demo] [main] .s.d.r.c.RepositoryConfigurationDelegate : Bootstrapping Spring Data JPA repositories in DEFAULT mode.
2025-11-19T15:01:30.993+03:00  INFO 18300 --- [demo] [main] .s.d.r.c.RepositoryConfigurationDelegate : Finished Spring Data repository scanning in 78 ms. Found 1 JPA repository interface.
2025-11-19T15:01:32.565+03:00  INFO 18300 --- [demo] [main] o.s.b.w.embedded.tomcat.TomcatWebServer  : Tomcat initialized with port 8080 (http)
2025-11-19T15:01:32.593+03:00  INFO 18300 --- [demo] [main] o.apache.catalina.core.StandardService   : Starting service [Tomcat]
2025-11-19T15:01:32.594+03:00  INFO 18300 --- [demo] [main] o.apache.catalina.core.StandardEngine    : Starting Servlet engine: [Apache Tomcat/10.1.46]
2025-11-19T15:01:32.689+03:00  INFO 18300 --- [demo] [main] o.a.c.c.C.[Tomcat].[localhost].[/]       : Initializing Spring embedded WebApplicationContext
2025-11-19T15:01:32.691+03:00  INFO 18300 --- [demo] [main] w.s.c.ServletWebServerApplicationContext : Root WebApplicationContext: initialization completed in 2702 ms
2025-11-19T15:01:33.254+03:00  INFO 18300 --- [demo] [main] o.hibernate.jpa.internal.util.LogHelper  : HHH000204: Processing PersistenceUnitInfo [name: default]
2025-11-19T15:01:33.357+03:00  INFO 18300 --- [demo] [main] org.hibernate.Version                    : HHH000412: Hibernate ORM core version 6.6.29.Final
2025-11-19T15:01:33.416+03:00  INFO 18300 --- [demo] [main] o.h.c.internal.RegionFactoryInitiator    : HHH000026: Second-level cache disabled
2025-11-19T15:01:33.968+03:00  INFO 18300 --- [demo] [main] o.s.o.j.p.SpringPersistenceUnitInfo      : No LoadTimeWeaver setup: ignoring JPA class transformer
2025-11-19T15:01:34.022+03:00  INFO 18300 --- [demo] [main] com.zaxxer.hikari.HikariDataSource       : HikariPool-1 - Starting...
2025-11-19T15:01:34.630+03:00  INFO 18300 --- [demo] [main] com.zaxxer.hikari.pool.HikariPool        : HikariPool-1 - Added connection oracle.jdbc.driver.T4CConnection@1a345298
2025-11-19T15:01:34.634+03:00  INFO 18300 --- [demo] [main] com.zaxxer.hikari.HikariDataSource       : HikariPool-1 - Start completed.
2025-11-19T15:01:34.936+03:00  WARN 18300 --- [demo] [main] org.hibernate.dialect.Dialect            : HHH000511: The 18.0.0 version for [org.hibernate.dialect.OracleDialect] is no longer supported, hence certain features may not work properly. The minimum supported version is 19.0.0. Check the community dialects project for available legacy versions.
2025-11-19T15:01:34.947+03:00  WARN 18300 --- [demo] [main] org.hibernate.orm.deprecation            : HHH90000025: OracleDialect does not need to be specified explicitly using 'hibernate.dialect' (remove the property setting and it will be selected by default)
2025-11-19T15:01:35.020+03:00  INFO 18300 --- [demo] [main] org.hibernate.orm.connections.pooling    : HHH10001005: Database info:
	Database JDBC URL [Connecting through datasource 'HikariDataSource (HikariPool-1)']
	Database driver: undefined/unknown
	Database version: 18.0
	Autocommit mode: undefined/unknown
	Isolation level: undefined/unknown
	Minimum pool size: undefined/unknown
	Maximum pool size: undefined/unknown
2025-11-19T15:01:36.135+03:00  INFO 18300 --- [demo] [main] o.h.e.t.j.p.i.JtaPlatformInitiator       : HHH000489: No JTA platform available (set 'hibernate.transaction.jta.platform' to enable JTA platform integration)
2025-11-19T15:02:03.425+03:00  INFO 18300 --- [demo] [main] j.LocalContainerEntityManagerFactoryBean : Initialized JPA EntityManagerFactory for persistence unit 'default'
2025-11-19T15:02:03.928+03:00  INFO 18300 --- [demo] [main] o.s.d.j.r.query.QueryEnhancerFactory     : Hibernate is in classpath; If applicable, HQL parser will be used.
2025-11-19T15:02:04.881+03:00  INFO 18300 --- [demo] [main] c.e.demo.service.JsonValidationService   : Database repository available - loading schemas from database
2025-11-19T15:02:04.882+03:00  INFO 18300 --- [demo] [main] c.e.demo.service.JsonValidationService   : Loading schemas from Oracle database...
2025-11-19T15:02:05.119+03:00  INFO 18300 --- [demo] [main] c.e.demo.service.JsonValidationService   : Loaded 2 schemas from database. Next ID: 3
2025-11-19T15:02:05.801+03:00  INFO 18300 --- [demo] [main] o.s.b.w.embedded.tomcat.TomcatWebServer  : Tomcat started on port 8080 (http) with context path '/'
2025-11-19T15:02:05.817+03:00  INFO 18300 --- [demo] [main] com.example.demo.DemoApplication         : Started DemoApplication in 36.829 seconds (process running for 37.493)
2025-11-19T15:02:28.393+03:00  INFO 18300 --- [demo] [http-nio-8080-exec-2] o.a.c.c.C.[Tomcat].[localhost].[/]       : Initializing Spring DispatcherServlet 'dispatcherServlet'
2025-11-19T15:02:28.394+03:00  INFO 18300 --- [demo] [http-nio-8080-exec-2] o.s.web.servlet.DispatcherServlet        : Initializing Servlet 'dispatcherServlet'
2025-11-19T15:02:28.396+03:00  INFO 18300 --- [demo] [http-nio-8080-exec-2] o.s.web.servlet.DispatcherServlet        : Completed initialization in 1 ms
2025-11-19T15:02:28.569+03:00  INFO 18300 --- [demo] [http-nio-8080-exec-2] c.e.demo.service.JsonValidationService   : Starting JSON validation with schema ID: 1
2025-11-19T15:02:28.701+03:00  INFO 18300 --- [demo] [http-nio-8080-exec-2] c.e.demo.service.JsonValidationService   : JSON validation against schema ID 1 completed - VALID
2025-11-19T15:02:40.753+03:00  INFO 18300 --- [demo] [http-nio-8080-exec-3] c.e.demo.service.JsonValidationService   : Starting JSON validation with schema ID: 10
2025-11-19T15:02:40.753+03:00  WARN 18300 --- [demo] [http-nio-8080-exec-3] c.e.demo.service.JsonValidationService   : Schema with ID 10 not found in cache, checking database...
2025-11-19T15:02:40.809+03:00  WARN 18300 --- [demo] [http-nio-8080-exec-3] c.e.demo.service.JsonValidationService   : Schema with ID 10 not found
2025-11-19T15:03:35.720+03:00  INFO 18692 --- [demo] [main] com.example.demo.DemoApplication         : Starting DemoApplication using Java 21.0.3 with PID 18692 (C:\Users\user\Desktop\ПРАКТИКА\ДЛЯ ГИТА\JSON Validator Web git\Spring-Project-JSON-Validator\target\classes started by user in C:\Users\user\Desktop\ПРАКТИКА\ДЛЯ ГИТА\JSON Validator Web git)
2025-11-19T15:03:35.725+03:00  INFO 18692 --- [demo] [main] com.example.demo.DemoApplication         : No active profile set, falling back to 1 default profile: "default"
2025-11-19T15:03:38.438+03:00  INFO 18692 --- [demo] [main] o.s.b.w.embedded.tomcat.TomcatWebServer  : Tomcat initialized with port 8080 (http)
2025-11-19T15:03:38.471+03:00  INFO 18692 --- [demo] [main] o.apache.catalina.core.StandardService   : Starting service [Tomcat]
2025-11-19T15:03:38.472+03:00  INFO 18692 --- [demo] [main] o.apache.catalina.core.StandardEngine    : Starting Servlet engine: [Apache Tomcat/10.1.46]
2025-11-19T15:03:38.591+03:00  INFO 18692 --- [demo] [main] o.a.c.c.C.[Tomcat].[localhost].[/]       : Initializing Spring embedded WebApplicationContext
2025-11-19T15:03:38.593+03:00  INFO 18692 --- [demo] [main] w.s.c.ServletWebServerApplicationContext : Root WebApplicationContext: initialization completed in 2772 ms
2025-11-19T15:03:38.722+03:00  INFO 18692 --- [demo] [main] c.e.demo.service.JsonValidationService   : Database repository not available - using in-memory storage only
2025-11-19T15:03:39.516+03:00  INFO 18692 --- [demo] [main] o.s.b.w.embedded.tomcat.TomcatWebServer  : Tomcat started on port 8080 (http) with context path '/'
2025-11-19T15:03:39.534+03:00  INFO 18692 --- [demo] [main] com.example.demo.DemoApplication         : Started DemoApplication in 4.715 seconds (process running for 5.261)
2025-11-19T15:03:46.699+03:00  INFO 18692 --- [demo] [http-nio-8080-exec-1] o.a.c.c.C.[Tomcat].[localhost].[/]       : Initializing Spring DispatcherServlet 'dispatcherServlet'
2025-11-19T15:03:46.700+03:00  INFO 18692 --- [demo] [http-nio-8080-exec-1] o.s.web.servlet.DispatcherServlet        : Initializing Servlet 'dispatcherServlet'
2025-11-19T15:03:46.703+03:00  INFO 18692 --- [demo] [http-nio-8080-exec-1] o.s.web.servlet.DispatcherServlet        : Completed initialization in 2 ms
2025-11-19T15:03:46.865+03:00  INFO 18692 --- [demo] [http-nio-8080-exec-1] c.e.demo.service.JsonValidationService   : Retrieving all schemas, total count: 0
